#
# There is insufficient memory for the Java Runtime Environment to continue.
# Native memory allocation (malloc) failed to allocate 1380656 bytes for Chunk::new
# Possible reasons:
#   The system is out of physical RAM or swap space
#   The process is running with CompressedOops enabled, and the Java Heap may be blocking the growth of the native heap
# Possible solutions:
#   Reduce memory load on the system
#   Increase physical memory or swap space
#   Check if swap backing store is full
#   Decrease Java heap size (-Xmx/-Xms)
#   Decrease number of Java threads
#   Decrease Java thread stack sizes (-Xss)
#   Set larger code cache with -XX:ReservedCodeCacheSize=
#   JVM is running with Unscaled Compressed Oops mode in which the Java heap is
#     placed in the first 4GB address space. The Java Heap base address is the
#     maximum limit for the native heap growth. Please use -XX:HeapBaseMinAddress
#     to set the Java Heap base and to place the Java Heap above 4GB virtual address.
# This output file may be truncated or incomplete.
#
#  Out of Memory Error (./src/hotspot/share/memory/arena.cpp:197), pid=700, tid=11840
#
# JRE version: OpenJDK Runtime Environment (11.0.11+9) (build 11.0.11+9-b60-7590822)
# Java VM: OpenJDK 64-Bit Server VM (11.0.11+9-b60-7590822, mixed mode, tiered, compressed oops, g1 gc, windows-amd64)
# No core dump will be written. Minidumps are not enabled by default on client versions of Windows
#

---------------  S U M M A R Y ------------

Command Line: --add-opens=java.base/java.util=ALL-UNNAMED --add-opens=java.base/java.lang=ALL-UNNAMED --add-opens=java.base/java.lang.invoke=ALL-UNNAMED --add-opens=java.base/java.util=ALL-UNNAMED --add-opens=java.prefs/java.util.prefs=ALL-UNNAMED --add-opens=java.prefs/java.util.prefs=ALL-UNNAMED --add-opens=java.base/java.nio.charset=ALL-UNNAMED --add-opens=java.base/java.net=ALL-UNNAMED --add-opens=java.base/java.util.concurrent.atomic=ALL-UNNAMED -Xmx2048m -Dfile.encoding=UTF-8 -Duser.country=RU -Duser.language=ru -Duser.variant org.gradle.launcher.daemon.bootstrap.GradleDaemon 7.2

Host: Intel(R) Core(TM) i5-7200U CPU @ 2.50GHz, 4 cores, 7G,  Windows 10 , 64 bit Build 17134 (10.0.17134.1425)
Time: Thu Apr 14 11:18:59 2022 Iiaineae?neia noaiaa?oiia a?aiy elapsed time: 11.718720 seconds (0d 0h 0m 11s)

---------------  T H R E A D  ---------------

Current thread (0x000001d27a9c8800):  JavaThread "C2 CompilerThread0" daemon [_thread_in_native, id=11840, stack(0x0000003f5d900000,0x0000003f5da00000)]


Current CompileTask:
C2:  11718 1989   !   4       java.lang.ClassLoader::loadClass (122 bytes)

Stack: [0x0000003f5d900000,0x0000003f5da00000]
Native frames: (J=compiled Java code, j=interpreted, Vv=VM code, C=native code)
V  [jvm.dll+0x5f214a]
V  [jvm.dll+0x726fb5]
V  [jvm.dll+0x7285cd]
V  [jvm.dll+0x728c83]
V  [jvm.dll+0x243278]
V  [jvm.dll+0xbc53c]
V  [jvm.dll+0xbca3c]
V  [jvm.dll+0x353e3b]
V  [jvm.dll+0x19875c]
V  [jvm.dll+0x1fc2ee]
V  [jvm.dll+0x1fb3d4]
V  [jvm.dll+0x183d6c]
V  [jvm.dll+0x209a57]
V  [jvm.dll+0x2082a1]
V  [jvm.dll+0x6ef58f]
V  [jvm.dll+0x6e80b5]
V  [jvm.dll+0x5f1036]
C  [ucrtbase.dll+0x1e3fe]
C  [KERNEL32.DLL+0x14034]
C  [ntdll.dll+0x73691]


---------------  P R O C E S S  ---------------

Threads class SMR info:
_java_thread_list=0x000001d27c4cfa10, length=23, elements={
0x000001d26fdbb800, 0x000001d27a9a2800, 0x000001d27a9ac800, 0x000001d27a9c1000,
0x000001d27a9c2000, 0x000001d27a9c4800, 0x000001d27a9c8800, 0x000001d27a9cd800,
0x000001d27a9d2000, 0x000001d27b480800, 0x000001d27bd0e000, 0x000001d27c23b800,
0x000001d27cb52000, 0x000001d27cd82000, 0x000001d27c7e0800, 0x000001d27cd40000,
0x000001d27ceae800, 0x000001d27cc65800, 0x000001d27cc4f000, 0x000001d27cc4b800,
0x000001d27cc4c800, 0x000001d27cc50800, 0x000001d27cc4f800
}

Java Threads: ( => current thread )
  0x000001d26fdbb800 JavaThread "main" [_thread_blocked, id=4212, stack(0x0000003f5cd00000,0x0000003f5ce00000)]
  0x000001d27a9a2800 JavaThread "Reference Handler" daemon [_thread_blocked, id=17900, stack(0x0000003f5d400000,0x0000003f5d500000)]
  0x000001d27a9ac800 JavaThread "Finalizer" daemon [_thread_blocked, id=16224, stack(0x0000003f5d500000,0x0000003f5d600000)]
  0x000001d27a9c1000 JavaThread "Signal Dispatcher" daemon [_thread_blocked, id=16684, stack(0x0000003f5d600000,0x0000003f5d700000)]
  0x000001d27a9c2000 JavaThread "Attach Listener" daemon [_thread_blocked, id=9840, stack(0x0000003f5d700000,0x0000003f5d800000)]
  0x000001d27a9c4800 JavaThread "Service Thread" daemon [_thread_blocked, id=16416, stack(0x0000003f5d800000,0x0000003f5d900000)]
=>0x000001d27a9c8800 JavaThread "C2 CompilerThread0" daemon [_thread_in_native, id=11840, stack(0x0000003f5d900000,0x0000003f5da00000)]
  0x000001d27a9cd800 JavaThread "C1 CompilerThread0" daemon [_thread_blocked, id=9436, stack(0x0000003f5da00000,0x0000003f5db00000)]
  0x000001d27a9d2000 JavaThread "Sweeper thread" daemon [_thread_blocked, id=10372, stack(0x0000003f5db00000,0x0000003f5dc00000)]
  0x000001d27b480800 JavaThread "Common-Cleaner" daemon [_thread_blocked, id=14480, stack(0x0000003f5dc00000,0x0000003f5dd00000)]
  0x000001d27bd0e000 JavaThread "Daemon health stats" [_thread_blocked, id=18116, stack(0x0000003f5e000000,0x0000003f5e100000)]
  0x000001d27c23b800 JavaThread "Incoming local TCP Connector on port 23602" [_thread_in_native, id=12376, stack(0x0000003f5e200000,0x0000003f5e300000)]
  0x000001d27cb52000 JavaThread "Daemon periodic checks" [_thread_blocked, id=10136, stack(0x0000003f5e300000,0x0000003f5e400000)]
  0x000001d27cd82000 JavaThread "Daemon" [_thread_blocked, id=10100, stack(0x0000003f5e400000,0x0000003f5e500000)]
  0x000001d27c7e0800 JavaThread "Handler for socket connection from /127.0.0.1:23602 to /127.0.0.1:23603" [_thread_in_native, id=17592, stack(0x0000003f5e500000,0x0000003f5e600000)]
  0x000001d27cd40000 JavaThread "Cancel handler" [_thread_blocked, id=3036, stack(0x0000003f5e100000,0x0000003f5e200000)]
  0x000001d27ceae800 JavaThread "Daemon worker" [_thread_in_Java, id=15188, stack(0x0000003f5e700000,0x0000003f5e800000)]
  0x000001d27cc65800 JavaThread "Asynchronous log dispatcher for DefaultDaemonConnection: socket connection from /127.0.0.1:23602 to /127.0.0.1:23603" [_thread_blocked, id=12996, stack(0x0000003f5e800000,0x0000003f5e900000)]
  0x000001d27cc4f000 JavaThread "Stdin handler" [_thread_blocked, id=8516, stack(0x0000003f5e900000,0x0000003f5ea00000)]
  0x000001d27cc4b800 JavaThread "Daemon client event forwarder" [_thread_blocked, id=16688, stack(0x0000003f5ea00000,0x0000003f5eb00000)]
  0x000001d27cc4c800 JavaThread "Cache worker for journal cache (C:\Users\Анна\.gradle\caches\journal-1)" [_thread_blocked, id=10804, stack(0x0000003f5eb00000,0x0000003f5ec00000)]
  0x000001d27cc50800 JavaThread "File lock request listener" [_thread_in_native, id=16372, stack(0x0000003f5ec00000,0x0000003f5ed00000)]
  0x000001d27cc4f800 JavaThread "Cache worker for file hash cache (C:\Users\Анна\.gradle\caches\7.2\fileHashes)" [_thread_blocked, id=3244, stack(0x0000003f5ed00000,0x0000003f5ee00000)]

Other Threads:
  0x000001d27a99d800 VMThread "VM Thread" [stack: 0x0000003f5d300000,0x0000003f5d400000] [id=16780]
  0x000001d27b4a2000 WatcherThread [stack: 0x0000003f5dd00000,0x0000003f5de00000] [id=32]
  0x000001d26fdd6000 GCTaskThread "GC Thread#0" [stack: 0x0000003f5ce00000,0x0000003f5cf00000] [id=10292]
  0x000001d27ba9c000 GCTaskThread "GC Thread#1" [stack: 0x0000003f5de00000,0x0000003f5df00000] [id=12952]
  0x000001d27b6c1000 GCTaskThread "GC Thread#2" [stack: 0x0000003f5df00000,0x0000003f5e000000] [id=8116]
  0x000001d27c576000 GCTaskThread "GC Thread#3" [stack: 0x0000003f5e600000,0x0000003f5e700000] [id=8444]
  0x000001d26fe06800 ConcurrentGCThread "G1 Main Marker" [stack: 0x0000003f5cf00000,0x0000003f5d000000] [id=14884]
  0x000001d26fe08000 ConcurrentGCThread "G1 Conc#0" [stack: 0x0000003f5d000000,0x0000003f5d100000] [id=14760]
  0x000001d26fe88000 ConcurrentGCThread "G1 Refine#0" [stack: 0x0000003f5d100000,0x0000003f5d200000] [id=9888]
  0x000001d27a7f0800 ConcurrentGCThread "G1 Young RemSet Sampling" [stack: 0x0000003f5d200000,0x0000003f5d300000] [id=13340]

Threads with active compile tasks:
C2 CompilerThread0  11931 1989   !   4       java.lang.ClassLoader::loadClass (122 bytes)

VM state:not at safepoint (normal execution)

VM Mutex/Monitor currently owned by a thread: None

Heap address: 0x0000000080000000, size: 2048 MB, Compressed Oops mode: 32-bit
Narrow klass base: 0x0000000000000000, Narrow klass shift: 3
Compressed class space size: 1073741824 Address: 0x0000000100000000

Heap:
 garbage-first heap   total 131072K, used 28202K [0x0000000080000000, 0x0000000100000000)
  region size 1024K, 13 young (13312K), 2 survivors (2048K)
 Metaspace       used 22110K, capacity 22693K, committed 22908K, reserved 1069056K
  class space    used 2779K, capacity 2978K, committed 3072K, reserved 1048576K
Heap Regions: E=young(eden), S=young(survivor), O=old, HS=humongous(starts), HC=humongous(continues), CS=collection set, F=free, A=archive, TAMS=top-at-mark-start (previous, next)
|   0|0x0000000080000000, 0x0000000080100000, 0x0000000080100000|100%|HS|  |TAMS 0x0000000080100000, 0x0000000080000000| Complete 
|   1|0x0000000080100000, 0x0000000080200000, 0x0000000080200000|100%|HC|  |TAMS 0x0000000080200000, 0x0000000080100000| Complete 
|   2|0x0000000080200000, 0x0000000080300000, 0x0000000080300000|100%|HC|  |TAMS 0x0000000080300000, 0x0000000080200000| Complete 
|   3|0x0000000080300000, 0x0000000080400000, 0x0000000080400000|100%| O|  |TAMS 0x0000000080400000, 0x0000000080300000| Untracked 
|   4|0x0000000080400000, 0x0000000080500000, 0x0000000080500000|100%| O|  |TAMS 0x0000000080500000, 0x0000000080400000| Untracked 
|   5|0x0000000080500000, 0x0000000080600000, 0x0000000080600000|100%| O|  |TAMS 0x0000000080600000, 0x0000000080500000| Untracked 
|   6|0x0000000080600000, 0x0000000080700000, 0x0000000080700000|100%| O|  |TAMS 0x0000000080700000, 0x0000000080600000| Untracked 
|   7|0x0000000080700000, 0x0000000080800000, 0x0000000080800000|100%| O|  |TAMS 0x0000000080800000, 0x0000000080700000| Untracked 
|   8|0x0000000080800000, 0x0000000080900000, 0x0000000080900000|100%| O|  |TAMS 0x0000000080900000, 0x0000000080800000| Untracked 
|   9|0x0000000080900000, 0x0000000080a00000, 0x0000000080a00000|100%| O|  |TAMS 0x0000000080a00000, 0x0000000080900000| Untracked 
|  10|0x0000000080a00000, 0x0000000080b00000, 0x0000000080b00000|100%| O|  |TAMS 0x0000000080b00000, 0x0000000080a00000| Untracked 
|  11|0x0000000080b00000, 0x0000000080c00000, 0x0000000080c00000|100%| O|  |TAMS 0x0000000080c00000, 0x0000000080b00000| Untracked 
|  12|0x0000000080c00000, 0x0000000080d00000, 0x0000000080d00000|100%| O|  |TAMS 0x0000000080d00000, 0x0000000080c00000| Untracked 
|  13|0x0000000080d00000, 0x0000000080e00000, 0x0000000080e00000|100%| O|  |TAMS 0x0000000080e00000, 0x0000000080d00000| Untracked 
|  14|0x0000000080e00000, 0x0000000080f00000, 0x0000000080f00000|100%| O|  |TAMS 0x0000000080f00000, 0x0000000080e00000| Untracked 
|  15|0x0000000080f00000, 0x0000000081000000, 0x0000000081000000|100%| O|  |TAMS 0x0000000081000000, 0x0000000080f00000| Untracked 
|  16|0x0000000081000000, 0x0000000081009200, 0x0000000081100000|  3%| O|  |TAMS 0x0000000081009200, 0x0000000081000000| Untracked 
|  17|0x0000000081100000, 0x0000000081100000, 0x0000000081200000|  0%| F|  |TAMS 0x0000000081100000, 0x0000000081100000| Untracked 
|  18|0x0000000081200000, 0x0000000081200000, 0x0000000081300000|  0%| F|  |TAMS 0x0000000081200000, 0x0000000081200000| Untracked 
|  19|0x0000000081300000, 0x0000000081300000, 0x0000000081400000|  0%| F|  |TAMS 0x0000000081300000, 0x0000000081300000| Untracked 
|  20|0x0000000081400000, 0x0000000081400000, 0x0000000081500000|  0%| F|  |TAMS 0x0000000081400000, 0x0000000081400000| Untracked 
|  21|0x0000000081500000, 0x0000000081500000, 0x0000000081600000|  0%| F|  |TAMS 0x0000000081500000, 0x0000000081500000| Untracked 
|  22|0x0000000081600000, 0x0000000081600000, 0x0000000081700000|  0%| F|  |TAMS 0x0000000081600000, 0x0000000081600000| Untracked 
|  23|0x0000000081700000, 0x0000000081700000, 0x0000000081800000|  0%| F|  |TAMS 0x0000000081700000, 0x0000000081700000| Untracked 
|  24|0x0000000081800000, 0x0000000081800000, 0x0000000081900000|  0%| F|  |TAMS 0x0000000081800000, 0x0000000081800000| Untracked 
|  25|0x0000000081900000, 0x0000000081900000, 0x0000000081a00000|  0%| F|  |TAMS 0x0000000081900000, 0x0000000081900000| Untracked 
|  26|0x0000000081a00000, 0x0000000081a00000, 0x0000000081b00000|  0%| F|  |TAMS 0x0000000081a00000, 0x0000000081a00000| Untracked 
|  27|0x0000000081b00000, 0x0000000081b00000, 0x0000000081c00000|  0%| F|  |TAMS 0x0000000081b00000, 0x0000000081b00000| Untracked 
|  28|0x0000000081c00000, 0x0000000081c00000, 0x0000000081d00000|  0%| F|  |TAMS 0x0000000081c00000, 0x0000000081c00000| Untracked 
|  29|0x0000000081d00000, 0x0000000081d00000, 0x0000000081e00000|  0%| F|  |TAMS 0x0000000081d00000, 0x0000000081d00000| Untracked 
|  30|0x0000000081e00000, 0x0000000081e00000, 0x0000000081f00000|  0%| F|  |TAMS 0x0000000081e00000, 0x0000000081e00000| Untracked 
|  31|0x0000000081f00000, 0x0000000081f00000, 0x0000000082000000|  0%| F|  |TAMS 0x0000000081f00000, 0x0000000081f00000| Untracked 
|  32|0x0000000082000000, 0x0000000082000000, 0x0000000082100000|  0%| F|  |TAMS 0x0000000082000000, 0x0000000082000000| Untracked 
|  33|0x0000000082100000, 0x0000000082100000, 0x0000000082200000|  0%| F|  |TAMS 0x0000000082100000, 0x0000000082100000| Untracked 
|  34|0x0000000082200000, 0x0000000082200000, 0x0000000082300000|  0%| F|  |TAMS 0x0000000082200000, 0x0000000082200000| Untracked 
|  35|0x0000000082300000, 0x0000000082300000, 0x0000000082400000|  0%| F|  |TAMS 0x0000000082300000, 0x0000000082300000| Untracked 
|  36|0x0000000082400000, 0x0000000082400000, 0x0000000082500000|  0%| F|  |TAMS 0x0000000082400000, 0x0000000082400000| Untracked 
|  37|0x0000000082500000, 0x0000000082500000, 0x0000000082600000|  0%| F|  |TAMS 0x0000000082500000, 0x0000000082500000| Untracked 
|  38|0x0000000082600000, 0x0000000082600000, 0x0000000082700000|  0%| F|  |TAMS 0x0000000082600000, 0x0000000082600000| Untracked 
|  39|0x0000000082700000, 0x0000000082700000, 0x0000000082800000|  0%| F|  |TAMS 0x0000000082700000, 0x0000000082700000| Untracked 
|  40|0x0000000082800000, 0x0000000082800000, 0x0000000082900000|  0%| F|  |TAMS 0x0000000082800000, 0x0000000082800000| Untracked 
|  41|0x0000000082900000, 0x0000000082900000, 0x0000000082a00000|  0%| F|  |TAMS 0x0000000082900000, 0x0000000082900000| Untracked 
|  42|0x0000000082a00000, 0x0000000082a00000, 0x0000000082b00000|  0%| F|  |TAMS 0x0000000082a00000, 0x0000000082a00000| Untracked 
|  43|0x0000000082b00000, 0x0000000082b00000, 0x0000000082c00000|  0%| F|  |TAMS 0x0000000082b00000, 0x0000000082b00000| Untracked 
|  44|0x0000000082c00000, 0x0000000082c00000, 0x0000000082d00000|  0%| F|  |TAMS 0x0000000082c00000, 0x0000000082c00000| Untracked 
|  45|0x0000000082d00000, 0x0000000082d00000, 0x0000000082e00000|  0%| F|  |TAMS 0x0000000082d00000, 0x0000000082d00000| Untracked 
|  46|0x0000000082e00000, 0x0000000082e00000, 0x0000000082f00000|  0%| F|  |TAMS 0x0000000082e00000, 0x0000000082e00000| Untracked 
|  47|0x0000000082f00000, 0x0000000082f00000, 0x0000000083000000|  0%| F|  |TAMS 0x0000000082f00000, 0x0000000082f00000| Untracked 
|  48|0x0000000083000000, 0x0000000083000000, 0x0000000083100000|  0%| F|  |TAMS 0x0000000083000000, 0x0000000083000000| Untracked 
|  49|0x0000000083100000, 0x0000000083100000, 0x0000000083200000|  0%| F|  |TAMS 0x0000000083100000, 0x0000000083100000| Untracked 
|  50|0x0000000083200000, 0x0000000083200000, 0x0000000083300000|  0%| F|  |TAMS 0x0000000083200000, 0x0000000083200000| Untracked 
|  51|0x0000000083300000, 0x0000000083300000, 0x0000000083400000|  0%| F|  |TAMS 0x0000000083300000, 0x0000000083300000| Untracked 
|  52|0x0000000083400000, 0x0000000083400000, 0x0000000083500000|  0%| F|  |TAMS 0x0000000083400000, 0x0000000083400000| Untracked 
|  53|0x0000000083500000, 0x0000000083500000, 0x0000000083600000|  0%| F|  |TAMS 0x0000000083500000, 0x0000000083500000| Untracked 
|  54|0x0000000083600000, 0x0000000083600000, 0x0000000083700000|  0%| F|  |TAMS 0x0000000083600000, 0x0000000083600000| Untracked 
|  55|0x0000000083700000, 0x0000000083700000, 0x0000000083800000|  0%| F|  |TAMS 0x0000000083700000, 0x0000000083700000| Untracked 
|  56|0x0000000083800000, 0x0000000083800000, 0x0000000083900000|  0%| F|  |TAMS 0x0000000083800000, 0x0000000083800000| Untracked 
|  57|0x0000000083900000, 0x0000000083900000, 0x0000000083a00000|  0%| F|  |TAMS 0x0000000083900000, 0x0000000083900000| Untracked 
|  58|0x0000000083a00000, 0x0000000083a00000, 0x0000000083b00000|  0%| F|  |TAMS 0x0000000083a00000, 0x0000000083a00000| Untracked 
|  59|0x0000000083b00000, 0x0000000083b00000, 0x0000000083c00000|  0%| F|  |TAMS 0x0000000083b00000, 0x0000000083b00000| Untracked 
|  60|0x0000000083c00000, 0x0000000083c00000, 0x0000000083d00000|  0%| F|  |TAMS 0x0000000083c00000, 0x0000000083c00000| Untracked 
|  61|0x0000000083d00000, 0x0000000083d00000, 0x0000000083e00000|  0%| F|  |TAMS 0x0000000083d00000, 0x0000000083d00000| Untracked 
|  62|0x0000000083e00000, 0x0000000083e00000, 0x0000000083f00000|  0%| F|  |TAMS 0x0000000083e00000, 0x0000000083e00000| Untracked 
|  63|0x0000000083f00000, 0x0000000083f00000, 0x0000000084000000|  0%| F|  |TAMS 0x0000000083f00000, 0x0000000083f00000| Untracked 
|  64|0x0000000084000000, 0x0000000084000000, 0x0000000084100000|  0%| F|  |TAMS 0x0000000084000000, 0x0000000084000000| Untracked 
|  65|0x0000000084100000, 0x0000000084100000, 0x0000000084200000|  0%| F|  |TAMS 0x0000000084100000, 0x0000000084100000| Untracked 
|  66|0x0000000084200000, 0x0000000084200000, 0x0000000084300000|  0%| F|  |TAMS 0x0000000084200000, 0x0000000084200000| Untracked 
|  67|0x0000000084300000, 0x0000000084300000, 0x0000000084400000|  0%| F|  |TAMS 0x0000000084300000, 0x0000000084300000| Untracked 
|  68|0x0000000084400000, 0x0000000084400000, 0x0000000084500000|  0%| F|  |TAMS 0x0000000084400000, 0x0000000084400000| Untracked 
|  69|0x0000000084500000, 0x0000000084500000, 0x0000000084600000|  0%| F|  |TAMS 0x0000000084500000, 0x0000000084500000| Untracked 
|  70|0x0000000084600000, 0x0000000084600000, 0x0000000084700000|  0%| F|  |TAMS 0x0000000084600000, 0x0000000084600000| Untracked 
|  71|0x0000000084700000, 0x0000000084700000, 0x0000000084800000|  0%| F|  |TAMS 0x0000000084700000, 0x0000000084700000| Untracked 
|  72|0x0000000084800000, 0x0000000084800000, 0x0000000084900000|  0%| F|  |TAMS 0x0000000084800000, 0x0000000084800000| Untracked 
|  73|0x0000000084900000, 0x0000000084900000, 0x0000000084a00000|  0%| F|  |TAMS 0x0000000084900000, 0x0000000084900000| Untracked 
|  74|0x0000000084a00000, 0x0000000084a00000, 0x0000000084b00000|  0%| F|  |TAMS 0x0000000084a00000, 0x0000000084a00000| Untracked 
|  75|0x0000000084b00000, 0x0000000084b00000, 0x0000000084c00000|  0%| F|  |TAMS 0x0000000084b00000, 0x0000000084b00000| Untracked 
|  76|0x0000000084c00000, 0x0000000084c00000, 0x0000000084d00000|  0%| F|  |TAMS 0x0000000084c00000, 0x0000000084c00000| Untracked 
|  77|0x0000000084d00000, 0x0000000084d00000, 0x0000000084e00000|  0%| F|  |TAMS 0x0000000084d00000, 0x0000000084d00000| Untracked 
|  78|0x0000000084e00000, 0x0000000084e00000, 0x0000000084f00000|  0%| F|  |TAMS 0x0000000084e00000, 0x0000000084e00000| Untracked 
|  79|0x0000000084f00000, 0x0000000084f00000, 0x0000000085000000|  0%| F|  |TAMS 0x0000000084f00000, 0x0000000084f00000| Untracked 
|  80|0x0000000085000000, 0x0000000085000000, 0x0000000085100000|  0%| F|  |TAMS 0x0000000085000000, 0x0000000085000000| Untracked 
|  81|0x0000000085100000, 0x0000000085100000, 0x0000000085200000|  0%| F|  |TAMS 0x0000000085100000, 0x0000000085100000| Untracked 
|  82|0x0000000085200000, 0x0000000085200000, 0x0000000085300000|  0%| F|  |TAMS 0x0000000085200000, 0x0000000085200000| Untracked 
|  83|0x0000000085300000, 0x0000000085300000, 0x0000000085400000|  0%| F|  |TAMS 0x0000000085300000, 0x0000000085300000| Untracked 
|  84|0x0000000085400000, 0x0000000085400000, 0x0000000085500000|  0%| F|  |TAMS 0x0000000085400000, 0x0000000085400000| Untracked 
|  85|0x0000000085500000, 0x0000000085500000, 0x0000000085600000|  0%| F|  |TAMS 0x0000000085500000, 0x0000000085500000| Untracked 
|  86|0x0000000085600000, 0x0000000085600000, 0x0000000085700000|  0%| F|  |TAMS 0x0000000085600000, 0x0000000085600000| Untracked 
|  87|0x0000000085700000, 0x0000000085700000, 0x0000000085800000|  0%| F|  |TAMS 0x0000000085700000, 0x0000000085700000| Untracked 
|  88|0x0000000085800000, 0x0000000085800000, 0x0000000085900000|  0%| F|  |TAMS 0x0000000085800000, 0x0000000085800000| Untracked 
|  89|0x0000000085900000, 0x0000000085900000, 0x0000000085a00000|  0%| F|  |TAMS 0x0000000085900000, 0x0000000085900000| Untracked 
|  90|0x0000000085a00000, 0x0000000085a00000, 0x0000000085b00000|  0%| F|  |TAMS 0x0000000085a00000, 0x0000000085a00000| Untracked 
|  91|0x0000000085b00000, 0x0000000085b00000, 0x0000000085c00000|  0%| F|  |TAMS 0x0000000085b00000, 0x0000000085b00000| Untracked 
|  92|0x0000000085c00000, 0x0000000085c00000, 0x0000000085d00000|  0%| F|  |TAMS 0x0000000085c00000, 0x0000000085c00000| Untracked 
|  93|0x0000000085d00000, 0x0000000085d00000, 0x0000000085e00000|  0%| F|  |TAMS 0x0000000085d00000, 0x0000000085d00000| Untracked 
|  94|0x0000000085e00000, 0x0000000085e00000, 0x0000000085f00000|  0%| F|  |TAMS 0x0000000085e00000, 0x0000000085e00000| Untracked 
|  95|0x0000000085f00000, 0x0000000085f00000, 0x0000000086000000|  0%| F|  |TAMS 0x0000000085f00000, 0x0000000085f00000| Untracked 
|  96|0x0000000086000000, 0x0000000086000000, 0x0000000086100000|  0%| F|  |TAMS 0x0000000086000000, 0x0000000086000000| Untracked 
|  97|0x0000000086100000, 0x0000000086100000, 0x0000000086200000|  0%| F|  |TAMS 0x0000000086100000, 0x0000000086100000| Untracked 
|  98|0x0000000086200000, 0x0000000086200000, 0x0000000086300000|  0%| F|  |TAMS 0x0000000086200000, 0x0000000086200000| Untracked 
|  99|0x0000000086300000, 0x0000000086300000, 0x0000000086400000|  0%| F|  |TAMS 0x0000000086300000, 0x0000000086300000| Untracked 
| 100|0x0000000086400000, 0x0000000086400000, 0x0000000086500000|  0%| F|  |TAMS 0x0000000086400000, 0x0000000086400000| Untracked 
| 101|0x0000000086500000, 0x0000000086500000, 0x0000000086600000|  0%| F|  |TAMS 0x0000000086500000, 0x0000000086500000| Untracked 
| 102|0x0000000086600000, 0x0000000086600000, 0x0000000086700000|  0%| F|  |TAMS 0x0000000086600000, 0x0000000086600000| Untracked 
| 103|0x0000000086700000, 0x0000000086700000, 0x0000000086800000|  0%| F|  |TAMS 0x0000000086700000, 0x0000000086700000| Untracked 
| 104|0x0000000086800000, 0x0000000086800000, 0x0000000086900000|  0%| F|  |TAMS 0x0000000086800000, 0x0000000086800000| Untracked 
| 105|0x0000000086900000, 0x0000000086900000, 0x0000000086a00000|  0%| F|  |TAMS 0x0000000086900000, 0x0000000086900000| Untracked 
| 106|0x0000000086a00000, 0x0000000086a00000, 0x0000000086b00000|  0%| F|  |TAMS 0x0000000086a00000, 0x0000000086a00000| Untracked 
| 107|0x0000000086b00000, 0x0000000086b00000, 0x0000000086c00000|  0%| F|  |TAMS 0x0000000086b00000, 0x0000000086b00000| Untracked 
| 108|0x0000000086c00000, 0x0000000086c00000, 0x0000000086d00000|  0%| F|  |TAMS 0x0000000086c00000, 0x0000000086c00000| Untracked 
| 109|0x0000000086d00000, 0x0000000086d819e8, 0x0000000086e00000| 50%| S|CS|TAMS 0x0000000086d00000, 0x0000000086d00000| Complete 
| 110|0x0000000086e00000, 0x0000000086f00000, 0x0000000086f00000|100%| S|CS|TAMS 0x0000000086e00000, 0x0000000086e00000| Complete 
| 111|0x0000000086f00000, 0x0000000086f00000, 0x0000000087000000|  0%| F|  |TAMS 0x0000000086f00000, 0x0000000086f00000| Untracked 
| 112|0x0000000087000000, 0x0000000087000000, 0x0000000087100000|  0%| F|  |TAMS 0x0000000087000000, 0x0000000087000000| Untracked 
| 113|0x0000000087100000, 0x0000000087100000, 0x0000000087200000|  0%| F|  |TAMS 0x0000000087100000, 0x0000000087100000| Untracked 
| 114|0x0000000087200000, 0x0000000087200000, 0x0000000087300000|  0%| F|  |TAMS 0x0000000087200000, 0x0000000087200000| Untracked 
| 115|0x0000000087300000, 0x0000000087300000, 0x0000000087400000|  0%| F|  |TAMS 0x0000000087300000, 0x0000000087300000| Untracked 
| 116|0x0000000087400000, 0x0000000087400000, 0x0000000087500000|  0%| F|  |TAMS 0x0000000087400000, 0x0000000087400000| Untracked 
| 117|0x0000000087500000, 0x0000000087600000, 0x0000000087600000|100%| E|  |TAMS 0x0000000087500000, 0x0000000087500000| Complete 
| 118|0x0000000087600000, 0x0000000087700000, 0x0000000087700000|100%| E|CS|TAMS 0x0000000087600000, 0x0000000087600000| Complete 
| 119|0x0000000087700000, 0x0000000087800000, 0x0000000087800000|100%| E|CS|TAMS 0x0000000087700000, 0x0000000087700000| Complete 
| 120|0x0000000087800000, 0x0000000087900000, 0x0000000087900000|100%| E|CS|TAMS 0x0000000087800000, 0x0000000087800000| Complete 
| 121|0x0000000087900000, 0x0000000087a00000, 0x0000000087a00000|100%| E|CS|TAMS 0x0000000087900000, 0x0000000087900000| Complete 
| 122|0x0000000087a00000, 0x0000000087b00000, 0x0000000087b00000|100%| E|CS|TAMS 0x0000000087a00000, 0x0000000087a00000| Complete 
| 123|0x0000000087b00000, 0x0000000087c00000, 0x0000000087c00000|100%| E|CS|TAMS 0x0000000087b00000, 0x0000000087b00000| Complete 
| 124|0x0000000087c00000, 0x0000000087d00000, 0x0000000087d00000|100%| E|CS|TAMS 0x0000000087c00000, 0x0000000087c00000| Complete 
| 125|0x0000000087d00000, 0x0000000087e00000, 0x0000000087e00000|100%| E|CS|TAMS 0x0000000087d00000, 0x0000000087d00000| Complete 
| 126|0x0000000087e00000, 0x0000000087f00000, 0x0000000087f00000|100%| E|CS|TAMS 0x0000000087e00000, 0x0000000087e00000| Complete 
| 127|0x0000000087f00000, 0x0000000088000000, 0x0000000088000000|100%| E|CS|TAMS 0x0000000087f00000, 0x0000000087f00000| Complete 

Card table byte_map: [0x000001d273cb0000,0x000001d2740b0000] _byte_map_base: 0x000001d2738b0000

Marking Bits (Prev, Next): (CMBitMap*) 0x000001d26fdfdea0, (CMBitMap*) 0x000001d26fdfde68
 Prev Bits: [0x000001d2764b0000, 0x000001d2784b0000)
 Next Bits: [0x000001d2744b0000, 0x000001d2764b0000)

Polling page: 0x000001d26dc10000

Metaspace:

Usage:
  Non-class:     19.25 MB capacity,    18.88 MB ( 98%) used,   345.16 KB (  2%) free+waste,    38.94 KB ( <1%) overhead. 
      Class:      2.91 MB capacity,     2.71 MB ( 93%) used,   179.48 KB (  6%) free+waste,    19.38 KB ( <1%) overhead. 
       Both:     22.16 MB capacity,    21.59 MB ( 97%) used,   524.64 KB (  2%) free+waste,    58.31 KB ( <1%) overhead. 

Virtual space:
  Non-class space:       20.00 MB reserved,      19.37 MB ( 97%) committed 
      Class space:        1.00 GB reserved,       3.00 MB ( <1%) committed 
             Both:        1.02 GB reserved,      22.37 MB (  2%) committed 

Chunk freelists:
   Non-Class:  61.00 KB
       Class:  30.00 KB
        Both:  91.00 KB

MaxMetaspaceSize: 17179869184.00 GB
CompressedClassSpaceSize: 1.00 GB

CodeHeap 'non-profiled nmethods': size=120064Kb used=1052Kb max_used=1052Kb free=119011Kb
 bounds [0x000001d207ac0000, 0x000001d207d30000, 0x000001d20f000000]
CodeHeap 'profiled nmethods': size=120000Kb used=4172Kb max_used=4172Kb free=115827Kb
 bounds [0x000001d200590000, 0x000001d2009b0000, 0x000001d207ac0000]
CodeHeap 'non-nmethods': size=5696Kb used=1141Kb max_used=1158Kb free=4554Kb
 bounds [0x000001d200000000, 0x000001d200270000, 0x000001d200590000]
 total_blobs=2503 nmethods=2022 adapters=392
 compilation: enabled
              stopped_count=0, restarted_count=0
 full_count=0

Compilation events (20 events):
Event: 11.683 Thread 0x000001d27a9cd800 2010       3       sun.security.provider.MD5::II (31 bytes)
Event: 11.683 Thread 0x000001d27a9cd800 nmethod 2010 0x000001d200993310 code [0x000001d2009934c0, 0x000001d2009935d8]
Event: 11.683 Thread 0x000001d27a9cd800 2006       3       sun.security.provider.MD5::FF (33 bytes)
Event: 11.683 Thread 0x000001d27a9cd800 nmethod 2006 0x000001d200993690 code [0x000001d200993840, 0x000001d200993958]
Event: 11.683 Thread 0x000001d27a9cd800 2007       3       sun.security.provider.MD5::GG (33 bytes)
Event: 11.683 Thread 0x000001d27a9cd800 nmethod 2007 0x000001d200993a10 code [0x000001d200993bc0, 0x000001d200993cd8]
Event: 11.683 Thread 0x000001d27a9cd800 2008       3       java.security.MessageDigest$Delegate::engineUpdate (11 bytes)
Event: 11.683 Thread 0x000001d27a9cd800 nmethod 2008 0x000001d200993d90 code [0x000001d200993f40, 0x000001d200994108]
Event: 11.683 Thread 0x000001d27a9cd800 2011       3       java.util.ArrayList::toArray (57 bytes)
Event: 11.683 Thread 0x000001d27a9cd800 nmethod 2011 0x000001d200994210 code [0x000001d200994400, 0x000001d200994918]
Event: 11.684 Thread 0x000001d27a9cd800 2012       3       java.lang.reflect.ProxyGenerator$ConstantPool::getMethodRef (33 bytes)
Event: 11.685 Thread 0x000001d27a9cd800 nmethod 2012 0x000001d200994a90 code [0x000001d200994d60, 0x000001d2009959c8]
Event: 11.685 Thread 0x000001d27a9cd800 2013       2       java.io.DataOutputStream::writeUTF (435 bytes)
Event: 11.687 Thread 0x000001d27a9cd800 nmethod 2013 0x000001d200995f10 code [0x000001d2009961e0, 0x000001d200997178]
Event: 11.687 Thread 0x000001d27a9cd800 2014   !   3       java.util.concurrent.ConcurrentHashMap::replaceNode (437 bytes)
Event: 11.689 Thread 0x000001d27a9cd800 nmethod 2014 0x000001d200997b10 code [0x000001d200997ec0, 0x000001d200999f78]
Event: 11.689 Thread 0x000001d27a9cd800 2015       3       java.lang.StringBuilder::append (8 bytes)
Event: 11.689 Thread 0x000001d27a9cd800 nmethod 2015 0x000001d20099ae10 code [0x000001d20099afc0, 0x000001d20099b108]
Event: 11.689 Thread 0x000001d27a9cd800 2016       3       java.lang.AbstractStringBuilder::append (54 bytes)
Event: 11.689 Thread 0x000001d27a9cd800 nmethod 2016 0x000001d20099b190 code [0x000001d20099b3c0, 0x000001d20099bc88]

GC Heap History (20 events):
Event: 3.458 GC heap before
{Heap before GC invocations=4 (full 0):
 garbage-first heap   total 131072K, used 14998K [0x0000000080000000, 0x0000000100000000)
  region size 1024K, 6 young (6144K), 1 survivors (1024K)
 Metaspace       used 10499K, capacity 10789K, committed 11008K, reserved 1058816K
  class space    used 1092K, capacity 1171K, committed 1280K, reserved 1048576K
}
Event: 3.459 GC heap after
{Heap after GC invocations=5 (full 0):
 garbage-first heap   total 131072K, used 9960K [0x0000000080000000, 0x0000000100000000)
  region size 1024K, 1 young (1024K), 1 survivors (1024K)
 Metaspace       used 10499K, capacity 10789K, committed 11008K, reserved 1058816K
  class space    used 1092K, capacity 1171K, committed 1280K, reserved 1048576K
}
Event: 3.658 GC heap before
{Heap before GC invocations=5 (full 0):
 garbage-first heap   total 131072K, used 15080K [0x0000000080000000, 0x0000000100000000)
  region size 1024K, 6 young (6144K), 1 survivors (1024K)
 Metaspace       used 11193K, capacity 11456K, committed 11520K, reserved 1058816K
  class space    used 1178K, capacity 1244K, committed 1280K, reserved 1048576K
}
Event: 3.659 GC heap after
{Heap after GC invocations=6 (full 0):
 garbage-first heap   total 131072K, used 10122K [0x0000000080000000, 0x0000000100000000)
  region size 1024K, 1 young (1024K), 1 survivors (1024K)
 Metaspace       used 11193K, capacity 11456K, committed 11520K, reserved 1058816K
  class space    used 1178K, capacity 1244K, committed 1280K, reserved 1048576K
}
Event: 4.011 GC heap before
{Heap before GC invocations=6 (full 0):
 garbage-first heap   total 131072K, used 16266K [0x0000000080000000, 0x0000000100000000)
  region size 1024K, 7 young (7168K), 1 survivors (1024K)
 Metaspace       used 11224K, capacity 11456K, committed 11520K, reserved 1058816K
  class space    used 1178K, capacity 1244K, committed 1280K, reserved 1048576K
}
Event: 4.013 GC heap after
{Heap after GC invocations=7 (full 0):
 garbage-first heap   total 131072K, used 10187K [0x0000000080000000, 0x0000000100000000)
  region size 1024K, 1 young (1024K), 1 survivors (1024K)
 Metaspace       used 11224K, capacity 11456K, committed 11520K, reserved 1058816K
  class space    used 1178K, capacity 1244K, committed 1280K, reserved 1048576K
}
Event: 4.975 GC heap before
{Heap before GC invocations=7 (full 0):
 garbage-first heap   total 131072K, used 17355K [0x0000000080000000, 0x0000000100000000)
  region size 1024K, 8 young (8192K), 1 survivors (1024K)
 Metaspace       used 11246K, capacity 11520K, committed 11776K, reserved 1060864K
  class space    used 1178K, capacity 1244K, committed 1280K, reserved 1048576K
}
Event: 4.976 GC heap after
{Heap after GC invocations=8 (full 0):
 garbage-first heap   total 131072K, used 10364K [0x0000000080000000, 0x0000000100000000)
  region size 1024K, 1 young (1024K), 1 survivors (1024K)
 Metaspace       used 11246K, capacity 11520K, committed 11776K, reserved 1060864K
  class space    used 1178K, capacity 1244K, committed 1280K, reserved 1048576K
}
Event: 5.626 GC heap before
{Heap before GC invocations=8 (full 0):
 garbage-first heap   total 131072K, used 18556K [0x0000000080000000, 0x0000000100000000)
  region size 1024K, 10 young (10240K), 1 survivors (1024K)
 Metaspace       used 11281K, capacity 11520K, committed 11776K, reserved 1060864K
  class space    used 1179K, capacity 1244K, committed 1280K, reserved 1048576K
}
Event: 5.627 GC heap after
{Heap after GC invocations=9 (full 0):
 garbage-first heap   total 131072K, used 10559K [0x0000000080000000, 0x0000000100000000)
  region size 1024K, 1 young (1024K), 1 survivors (1024K)
 Metaspace       used 11281K, capacity 11520K, committed 11776K, reserved 1060864K
  class space    used 1179K, capacity 1244K, committed 1280K, reserved 1048576K
}
Event: 7.289 GC heap before
{Heap before GC invocations=9 (full 0):
 garbage-first heap   total 131072K, used 22847K [0x0000000080000000, 0x0000000100000000)
  region size 1024K, 13 young (13312K), 1 survivors (1024K)
 Metaspace       used 11348K, capacity 11616K, committed 11776K, reserved 1060864K
  class space    used 1182K, capacity 1276K, committed 1280K, reserved 1048576K
}
Event: 7.292 GC heap after
{Heap after GC invocations=10 (full 0):
 garbage-first heap   total 131072K, used 14389K [0x0000000080000000, 0x0000000100000000)
  region size 1024K, 2 young (2048K), 2 survivors (2048K)
 Metaspace       used 11348K, capacity 11616K, committed 11776K, reserved 1060864K
  class space    used 1182K, capacity 1276K, committed 1280K, reserved 1048576K
}
Event: 7.996 GC heap before
{Heap before GC invocations=10 (full 0):
 garbage-first heap   total 131072K, used 27701K [0x0000000080000000, 0x0000000100000000)
  region size 1024K, 15 young (15360K), 2 survivors (2048K)
 Metaspace       used 11737K, capacity 12120K, committed 12160K, reserved 1060864K
  class space    used 1279K, capacity 1380K, committed 1408K, reserved 1048576K
}
Event: 7.999 GC heap after
{Heap after GC invocations=11 (full 0):
 garbage-first heap   total 131072K, used 14968K [0x0000000080000000, 0x0000000100000000)
  region size 1024K, 1 young (1024K), 1 survivors (1024K)
 Metaspace       used 11737K, capacity 12120K, committed 12160K, reserved 1060864K
  class space    used 1279K, capacity 1380K, committed 1408K, reserved 1048576K
}
Event: 9.942 GC heap before
{Heap before GC invocations=11 (full 0):
 garbage-first heap   total 131072K, used 30328K [0x0000000080000000, 0x0000000100000000)
  region size 1024K, 16 young (16384K), 1 survivors (1024K)
 Metaspace       used 16806K, capacity 17242K, committed 17536K, reserved 1064960K
  class space    used 1940K, capacity 2068K, committed 2176K, reserved 1048576K
}
Event: 9.947 GC heap after
{Heap after GC invocations=12 (full 0):
 garbage-first heap   total 131072K, used 16486K [0x0000000080000000, 0x0000000100000000)
  region size 1024K, 2 young (2048K), 2 survivors (2048K)
 Metaspace       used 16806K, capacity 17242K, committed 17536K, reserved 1064960K
  class space    used 1940K, capacity 2068K, committed 2176K, reserved 1048576K
}
Event: 10.739 GC heap before
{Heap before GC invocations=12 (full 0):
 garbage-first heap   total 131072K, used 32870K [0x0000000080000000, 0x0000000100000000)
  region size 1024K, 19 young (19456K), 2 survivors (2048K)
 Metaspace       used 18834K, capacity 19303K, committed 19328K, reserved 1067008K
  class space    used 2266K, capacity 2418K, committed 2432K, reserved 1048576K
}
Event: 10.743 GC heap after
{Heap after GC invocations=13 (full 0):
 garbage-first heap   total 131072K, used 17289K [0x0000000080000000, 0x0000000100000000)
  region size 1024K, 3 young (3072K), 3 survivors (3072K)
 Metaspace       used 18834K, capacity 19303K, committed 19328K, reserved 1067008K
  class space    used 2266K, capacity 2418K, committed 2432K, reserved 1048576K
}
Event: 11.466 GC heap before
{Heap before GC invocations=13 (full 0):
 garbage-first heap   total 131072K, used 33673K [0x0000000080000000, 0x0000000100000000)
  region size 1024K, 20 young (20480K), 3 survivors (3072K)
 Metaspace       used 20717K, capacity 21180K, committed 21296K, reserved 1069056K
  class space    used 2537K, capacity 2660K, committed 2688K, reserved 1048576K
}
Event: 11.471 GC heap after
{Heap after GC invocations=14 (full 0):
 garbage-first heap   total 131072K, used 17962K [0x0000000080000000, 0x0000000100000000)
  region size 1024K, 2 young (2048K), 2 survivors (2048K)
 Metaspace       used 20717K, capacity 21180K, committed 21296K, reserved 1069056K
  class space    used 2537K, capacity 2660K, committed 2688K, reserved 1048576K
}

Deoptimization events (20 events):
Event: 11.370 Thread 0x000001d27ceae800 DEOPT PACKING pc=0x000001d207b49124 sp=0x0000003f5e7faa70
Event: 11.370 Thread 0x000001d27ceae800 DEOPT UNPACKING pc=0x000001d20002662f sp=0x0000003f5e7faa08 mode 2
Event: 11.370 Thread 0x000001d27ceae800 Uncommon trap: trap_request=0xffffffc6 fr.pc=0x000001d207b51454 relative=0x0000000000000114
Event: 11.370 Thread 0x000001d27ceae800 Uncommon trap: reason=bimorphic_or_optimized_type_check action=maybe_recompile pc=0x000001d207b51454 method=java.util.AbstractList$Itr.next()Ljava/lang/Object; @ 14 c2
Event: 11.370 Thread 0x000001d27ceae800 DEOPT PACKING pc=0x000001d207b51454 sp=0x0000003f5e7faa60
Event: 11.370 Thread 0x000001d27ceae800 DEOPT UNPACKING pc=0x000001d20002662f sp=0x0000003f5e7fa9f8 mode 2
Event: 11.371 Thread 0x000001d27ceae800 Uncommon trap: trap_request=0xffffff4d fr.pc=0x000001d207b3f260 relative=0x0000000000000980
Event: 11.371 Thread 0x000001d27ceae800 Uncommon trap: reason=unstable_if action=reinterpret pc=0x000001d207b3f260 method=java.lang.String.substring(I)Ljava/lang/String; @ 34 c2
Event: 11.371 Thread 0x000001d27ceae800 DEOPT PACKING pc=0x000001d207b3f260 sp=0x0000003f5e7fb3c0
Event: 11.371 Thread 0x000001d27ceae800 DEOPT UNPACKING pc=0x000001d20002662f sp=0x0000003f5e7fb398 mode 2
Event: 11.498 Thread 0x000001d27ceae800 DEOPT PACKING pc=0x000001d2009009e8 sp=0x0000003f5e7f89e0
Event: 11.498 Thread 0x000001d27ceae800 DEOPT UNPACKING pc=0x000001d200026dde sp=0x0000003f5e7f7ee8 mode 0
Event: 11.684 Thread 0x000001d27ceae800 Uncommon trap: trap_request=0xffffffbe fr.pc=0x000001d207bbc938 relative=0x0000000000000fd8
Event: 11.684 Thread 0x000001d27ceae800 Uncommon trap: reason=profile_predicate action=maybe_recompile pc=0x000001d207bbc938 method=java.io.DataOutputStream.writeUTF(Ljava/lang/String;Ljava/io/DataOutput;)I @ 16 c2
Event: 11.684 Thread 0x000001d27ceae800 DEOPT PACKING pc=0x000001d207bbc938 sp=0x0000003f5e7f9620
Event: 11.684 Thread 0x000001d27ceae800 DEOPT UNPACKING pc=0x000001d20002662f sp=0x0000003f5e7f95d8 mode 2
Event: 11.684 Thread 0x000001d27ceae800 Uncommon trap: trap_request=0xffffffbe fr.pc=0x000001d207bbc938 relative=0x0000000000000fd8
Event: 11.684 Thread 0x000001d27ceae800 Uncommon trap: reason=profile_predicate action=maybe_recompile pc=0x000001d207bbc938 method=java.io.DataOutputStream.writeUTF(Ljava/lang/String;Ljava/io/DataOutput;)I @ 16 c2
Event: 11.684 Thread 0x000001d27ceae800 DEOPT PACKING pc=0x000001d207bbc938 sp=0x0000003f5e7f9620
Event: 11.684 Thread 0x000001d27ceae800 DEOPT UNPACKING pc=0x000001d20002662f sp=0x0000003f5e7f95d8 mode 2

Classes redefined (0 events):
No events

Internal exceptions (20 events):
Event: 2.645 Thread 0x000001d26fdbb800 Exception <a 'java/lang/NoSuchMethodError'{0x0000000087dfa510}: 'java.lang.Object java.lang.invoke.Invokers$Holder.invoker(java.lang.Object, java.lang.Object, java.lang.Object)'> (0x0000000087dfa510) thrown at [./src/hotspot/share/interpreter/linkResolver.cpp, line 773]
Event: 2.650 Thread 0x000001d26fdbb800 Exception <a 'java/lang/NoSuchMethodError'{0x0000000087c0ba58}: 'void java.lang.invoke.DelegatingMethodHandle$Holder.delegate(java.lang.Object, java.lang.Object, int, java.lang.Object)'> (0x0000000087c0ba58) thrown at [./src/hotspot/share/interpreter/linkResolver.cpp, line 773]
Event: 7.047 Thread 0x000001d26fdbb800 Exception <a 'java/security/PrivilegedActionException'{0x0000000087659028}> (0x0000000087659028) thrown at [./src/hotspot/share/prims/jvm.cpp, line 1306]
Event: 7.047 Thread 0x000001d26fdbb800 Exception <a 'java/security/PrivilegedActionException'{0x00000000876595a0}> (0x00000000876595a0) thrown at [./src/hotspot/share/prims/jvm.cpp, line 1306]
Event: 8.657 Thread 0x000001d26fdbb800 Exception <a 'java/lang/NoSuchMethodError'{0x0000000087c09ff8}: 'java.lang.Object java.lang.invoke.DirectMethodHandle$Holder.invokeStaticInit(java.lang.Object, java.lang.Object, java.lang.Object)'> (0x0000000087c09ff8) thrown at [./src/hotspot/share/interpreter/linkResolver.cpp, line 773]
Event: 9.026 Thread 0x000001d26fdbb800 Exception <a 'java/lang/NoSuchMethodError'{0x00000000876c1dc0}: 'java.lang.Object java.lang.invoke.DirectMethodHandle$Holder.invokeStaticInit(java.lang.Object, int, int, int, int)'> (0x00000000876c1dc0) thrown at [./src/hotspot/share/interpreter/linkResolver.cpp, line 773]
Event: 9.286 Thread 0x000001d26fdbb800 Exception <a 'java/lang/NoSuchMethodError'{0x00000000876fa7f8}: 'java.lang.Object java.lang.invoke.DirectMethodHandle$Holder.invokeStaticInit(java.lang.Object, java.lang.Object, int, int, int, int)'> (0x00000000876fa7f8) thrown at [./src/hotspot/share/interpreter/linkResolver.cpp, line 773]
Event: 9.619 Thread 0x000001d26fdbb800 Exception <a 'java/io/IOException'{0x0000000087313460}> (0x0000000087313460) thrown at [./src/hotspot/share/prims/jni.cpp, line 615]
Event: 10.126 Thread 0x000001d27ceae800 Exception <a 'java/lang/NoSuchMethodError'{0x0000000087d87aa0}: 'void java.lang.invoke.DirectMethodHandle$Holder.invokeVirtual(java.lang.Object, java.lang.Object, java.lang.Object, java.lang.Object)'> (0x0000000087d87aa0) thrown at [./src/hotspot/share/interpreter/linkResolver.cpp, line 773]
Event: 10.127 Thread 0x000001d27ceae800 Exception <a 'java/lang/NoSuchMethodError'{0x0000000087d96d08}: 'void java.lang.invoke.DelegatingMethodHandle$Holder.reinvoke_L(java.lang.Object, java.lang.Object, java.lang.Object, java.lang.Object)'> (0x0000000087d96d08) thrown at [./src/hotspot/share/interpreter/linkResolver.cpp, line 773]
Event: 10.146 Thread 0x000001d27ceae800 Exception <a 'java/lang/NoSuchMethodError'{0x0000000087dcaf78}: 'long java.lang.invoke.DirectMethodHandle$Holder.invokeInterface(java.lang.Object, java.lang.Object)'> (0x0000000087dcaf78) thrown at [./src/hotspot/share/interpreter/linkResolver.cpp, line 773]
Event: 10.149 Thread 0x000001d27ceae800 Exception <a 'java/lang/NoSuchMethodError'{0x0000000087df15c8}: 'void java.lang.invoke.DelegatingMethodHandle$Holder.reinvoke_L(java.lang.Object, java.lang.Object, java.lang.Object, java.lang.Object, java.lang.Object, java.lang.Object, java.lang.Object)'> (0x0000000087df15c8) thrown at [./src/hotspot/share/interpreter/linkResolver.cpp, line 773]
Event: 11.120 Thread 0x000001d27ceae800 Exception <a 'java/lang/NoSuchMethodError'{0x0000000087400868}: 'void java.lang.invoke.DirectMethodHandle$Holder.invokeStaticInit(java.lang.Object)'> (0x0000000087400868) thrown at [./src/hotspot/share/interpreter/linkResolver.cpp, line 773]
Event: 11.220 Thread 0x000001d27ceae800 Exception <a 'java/lang/NoSuchMethodError'{0x0000000087241430}: 'java.lang.Object java.lang.invoke.DirectMethodHandle$Holder.invokeStatic(java.lang.Object, java.lang.Object, java.lang.Object, int)'> (0x0000000087241430) thrown at [./src/hotspot/share/interpreter/linkResolver.cpp, line 773]
Event: 11.221 Thread 0x000001d27ceae800 Exception <a 'java/lang/NoSuchMethodError'{0x000000008725b308}: 'java.lang.Object java.lang.invoke.DirectMethodHandle$Holder.invokeSpecial(java.lang.Object, java.lang.Object, java.lang.Object, java.lang.Object, int)'> (0x000000008725b308) thrown at [./src/hotspot/share/interpreter/linkResolver.cpp, line 773]
Event: 11.221 Thread 0x000001d27ceae800 Exception <a 'java/lang/NoSuchMethodError'{0x000000008725ef98}: 'java.lang.Object java.lang.invoke.Invokers$Holder.linkToTargetMethod(java.lang.Object, java.lang.Object, int, java.lang.Object)'> (0x000000008725ef98) thrown at [./src/hotspot/share/interpreter/linkResolver.cpp, line 773]
Event: 11.582 Thread 0x000001d27ceae800 Exception <a 'java/lang/NoSuchMethodError'{0x0000000087ea33a0}: 'int java.lang.invoke.DirectMethodHandle$Holder.invokeSpecialIFC(java.lang.Object, java.lang.Object, java.lang.Object, java.lang.Object)'> (0x0000000087ea33a0) thrown at [./src/hotspot/share/interpreter/linkResolver.cpp, line 773]
Event: 11.584 Thread 0x000001d27ceae800 Exception <a 'java/lang/NoSuchMethodError'{0x0000000087eb1358}: 'java.lang.Object java.lang.invoke.DirectMethodHandle$Holder.invokeInterface(java.lang.Object, java.lang.Object, java.lang.Object)'> (0x0000000087eb1358) thrown at [./src/hotspot/share/interpreter/linkResolver.cpp, line 773]
Event: 11.584 Thread 0x000001d27ceae800 Exception <a 'java/lang/IncompatibleClassChangeError'{0x0000000087eb4830}: Found class java.lang.Object, but interface was expected> (0x0000000087eb4830) thrown at [./src/hotspot/share/interpreter/linkResolver.cpp, line 839]
Event: 11.671 Thread 0x000001d27ceae800 Exception <a 'java/lang/NoSuchMethodError'{0x0000000087cd7d28}: 'void java.lang.invoke.DirectMethodHandle$Holder.invokeStatic(java.lang.Object, java.lang.Object, java.lang.Object, java.lang.Object, java.lang.Object)'> (0x0000000087cd7d28) thrown at [./src/hotspot/share/interpreter/linkResolver.cpp, line 773]

Events (20 events):
Event: 11.689 loading class org/gradle/internal/state/DefaultManagedFactoryRegistry
Event: 11.689 loading class org/gradle/internal/state/DefaultManagedFactoryRegistry done
Event: 11.690 loading class org/gradle/api/internal/file/collections/ManagedFactories$ConfigurableFileCollectionManagedFactory
Event: 11.690 loading class org/gradle/api/internal/file/collections/ManagedFactories$ConfigurableFileCollectionManagedFactory done
Event: 11.690 loading class org/gradle/api/internal/file/ManagedFactories$RegularFileManagedFactory
Event: 11.690 loading class org/gradle/api/internal/file/ManagedFactories$RegularFileManagedFactory done
Event: 11.691 loading class org/gradle/api/internal/file/ManagedFactories$RegularFilePropertyManagedFactory
Event: 11.691 loading class org/gradle/api/internal/file/ManagedFactories$RegularFilePropertyManagedFactory done
Event: 11.691 loading class org/gradle/api/internal/file/ManagedFactories$DirectoryManagedFactory
Event: 11.691 loading class org/gradle/api/internal/file/ManagedFactories$DirectoryManagedFactory done
Event: 11.691 loading class org/gradle/api/internal/file/ManagedFactories$DirectoryPropertyManagedFactory
Event: 11.691 loading class org/gradle/api/internal/file/ManagedFactories$DirectoryPropertyManagedFactory done
Event: 11.692 loading class org/gradle/api/internal/provider/ManagedFactories$SetPropertyManagedFactory
Event: 11.692 loading class org/gradle/api/internal/provider/ManagedFactories$SetPropertyManagedFactory done
Event: 11.692 loading class org/gradle/api/internal/provider/DefaultSetProperty
Event: 11.692 loading class org/gradle/api/internal/provider/DefaultSetProperty done
Event: 11.693 loading class org/gradle/api/internal/provider/AbstractCollectionProperty
Event: 11.693 loading class org/gradle/api/internal/provider/AbstractCollectionProperty done
Event: 11.694 loading class org/gradle/api/internal/provider/CollectionPropertyInternal
Event: 11.694 loading class org/gradle/api/internal/provider/CollectionPropertyInternal done


Dynamic libraries:
0x00007ff778b90000 - 0x00007ff778b9a000 	C:\Program Files\Android\Android Studio\jre\bin\java.exe
0x00007ffadb690000 - 0x00007ffadb871000 	C:\WINDOWS\SYSTEM32\ntdll.dll
0x00007ffad9bf0000 - 0x00007ffad9ca1000 	C:\WINDOWS\System32\KERNEL32.DLL
0x00007ffad86a0000 - 0x00007ffad8913000 	C:\WINDOWS\System32\KERNELBASE.dll
0x00007ffad8260000 - 0x00007ffad8358000 	C:\WINDOWS\System32\ucrtbase.dll
0x00007ffacd220000 - 0x00007ffacd239000 	C:\Program Files\Android\Android Studio\jre\bin\jli.dll
0x00007ffacc350000 - 0x00007ffacc367000 	C:\Program Files\Android\Android Studio\jre\bin\VCRUNTIME140.dll
0x00007ffadb4d0000 - 0x00007ffadb660000 	C:\WINDOWS\System32\USER32.dll
0x00007ffad8500000 - 0x00007ffad8520000 	C:\WINDOWS\System32\win32u.dll
0x00007ffac36c0000 - 0x00007ffac3929000 	C:\WINDOWS\WinSxS\amd64_microsoft.windows.common-controls_6595b64144ccf1df_6.0.17134.2087_none_d403a6657c8cedbf\COMCTL32.dll
0x00007ffad8d60000 - 0x00007ffad8d88000 	C:\WINDOWS\System32\GDI32.dll
0x00007ffad8360000 - 0x00007ffad84f4000 	C:\WINDOWS\System32\gdi32full.dll
0x00007ffad8cc0000 - 0x00007ffad8d5e000 	C:\WINDOWS\System32\msvcrt.dll
0x00007ffad81c0000 - 0x00007ffad825f000 	C:\WINDOWS\System32\msvcp_win.dll
0x00007ffadb100000 - 0x00007ffadb422000 	C:\WINDOWS\System32\combase.dll
0x00007ffad9780000 - 0x00007ffad98a3000 	C:\WINDOWS\System32\RPCRT4.dll
0x00007ffad8520000 - 0x00007ffad8599000 	C:\WINDOWS\System32\bcryptPrimitives.dll
0x00007ffad8c90000 - 0x00007ffad8cbd000 	C:\WINDOWS\System32\IMM32.DLL
0x00007ffaa4880000 - 0x00007ffaa491d000 	C:\Program Files\Android\Android Studio\jre\bin\msvcp140.dll
0x00007ffa85240000 - 0x00007ffa85d15000 	C:\Program Files\Android\Android Studio\jre\bin\server\jvm.dll
0x00007ffad8b10000 - 0x00007ffad8bb1000 	C:\WINDOWS\System32\ADVAPI32.dll
0x00007ffad9670000 - 0x00007ffad96cb000 	C:\WINDOWS\System32\sechost.dll
0x00007ffadb490000 - 0x00007ffadb498000 	C:\WINDOWS\System32\PSAPI.DLL
0x00007ffaace00000 - 0x00007ffaace09000 	C:\WINDOWS\SYSTEM32\WSOCK32.dll
0x00007ffad9b80000 - 0x00007ffad9bec000 	C:\WINDOWS\System32\WS2_32.dll
0x00007ffad3020000 - 0x00007ffad302a000 	C:\WINDOWS\SYSTEM32\VERSION.dll
0x00007ffad3c50000 - 0x00007ffad3c73000 	C:\WINDOWS\SYSTEM32\WINMM.dll
0x00007ffad3c00000 - 0x00007ffad3c2a000 	C:\WINDOWS\SYSTEM32\winmmbase.dll
0x00007ffad8650000 - 0x00007ffad8699000 	C:\WINDOWS\System32\cfgmgr32.dll
0x00007ffad79e0000 - 0x00007ffad79f1000 	C:\WINDOWS\System32\kernel.appcore.dll
0x00007ffaaa360000 - 0x00007ffaaa371000 	C:\Program Files\Android\Android Studio\jre\bin\verify.dll
0x00007ffabcbe0000 - 0x00007ffabcda9000 	C:\WINDOWS\SYSTEM32\DBGHELP.DLL
0x00007ffabcec0000 - 0x00007ffabcee9000 	C:\WINDOWS\SYSTEM32\dbgcore.DLL
0x00007ffaa5490000 - 0x00007ffaa54b9000 	C:\Program Files\Android\Android Studio\jre\bin\java.dll
0x00007ffaa95c0000 - 0x00007ffaa95cb000 	C:\Program Files\Android\Android Studio\jre\bin\jimage.dll
0x00007ffaa5040000 - 0x00007ffaa5058000 	C:\Program Files\Android\Android Studio\jre\bin\zip.dll
0x00007ffad9cb0000 - 0x00007ffadb0f5000 	C:\WINDOWS\System32\SHELL32.dll
0x00007ffad96d0000 - 0x00007ffad9778000 	C:\WINDOWS\System32\shcore.dll
0x00007ffad7a40000 - 0x00007ffad8153000 	C:\WINDOWS\System32\windows.storage.dll
0x00007ffad9950000 - 0x00007ffad99a1000 	C:\WINDOWS\System32\shlwapi.dll
0x00007ffad7a00000 - 0x00007ffad7a1f000 	C:\WINDOWS\System32\profapi.dll
0x00007ffad7990000 - 0x00007ffad79dc000 	C:\WINDOWS\System32\powrprof.dll
0x00007ffad7980000 - 0x00007ffad798a000 	C:\WINDOWS\System32\FLTLIB.DLL
0x00007ffac0130000 - 0x00007ffac014a000 	C:\Program Files\Android\Android Studio\jre\bin\net.dll
0x00007ffad26b0000 - 0x00007ffad278d000 	C:\WINDOWS\SYSTEM32\WINHTTP.dll
0x00007ffad7200000 - 0x00007ffad7266000 	C:\WINDOWS\system32\mswsock.dll
0x00007ffac0110000 - 0x00007ffac0124000 	C:\Program Files\Android\Android Studio\jre\bin\nio.dll
0x00007ffab66d0000 - 0x00007ffab66f7000 	C:\Users\\.gradle\native\e1d6ef7f7dcc3fd88c89a11ec53ec762bb8ba0a96d01ffa2cd45eb1d1d8dd5c5\windows-amd64\native-platform.dll
0x00007ffaa3e10000 - 0x00007ffaa3f54000 	C:\Users\\.gradle\native\5664cfc778a61ccfe75a443a1ab52a65af34e5dc3c78e0209fed803814484fcb\windows-amd64\native-platform-file-events.dll
0x00007ffad5370000 - 0x00007ffad537a000 	C:\Program Files\Android\Android Studio\jre\bin\management.dll
0x00007ffac0100000 - 0x00007ffac010d000 	C:\Program Files\Android\Android Studio\jre\bin\management_ext.dll
0x00007ffad73c0000 - 0x00007ffad73d7000 	C:\WINDOWS\SYSTEM32\CRYPTSP.dll
0x00007ffad6d50000 - 0x00007ffad6d83000 	C:\WINDOWS\system32\rsaenh.dll
0x00007ffad74e0000 - 0x00007ffad7505000 	C:\WINDOWS\SYSTEM32\bcrypt.dll
0x00007ffad7880000 - 0x00007ffad78a8000 	C:\WINDOWS\SYSTEM32\USERENV.dll
0x00007ffad73b0000 - 0x00007ffad73bb000 	C:\WINDOWS\SYSTEM32\CRYPTBASE.dll
0x00007ffad6ef0000 - 0x00007ffad6f28000 	C:\WINDOWS\SYSTEM32\IPHLPAPI.DLL
0x00007ffadb4a0000 - 0x00007ffadb4a8000 	C:\WINDOWS\System32\NSI.dll
0x00007ffad2640000 - 0x00007ffad2656000 	C:\WINDOWS\SYSTEM32\dhcpcsvc6.DLL
0x00007ffad2620000 - 0x00007ffad263a000 	C:\WINDOWS\SYSTEM32\dhcpcsvc.DLL

dbghelp: loaded successfully - version: 4.0.5 - missing functions: none
symbol engine: initialized successfully - sym options: 0x614 - pdb path: .;C:\Program Files\Android\Android Studio\jre\bin;C:\WINDOWS\SYSTEM32;C:\WINDOWS\WinSxS\amd64_microsoft.windows.common-controls_6595b64144ccf1df_6.0.17134.2087_none_d403a6657c8cedbf;C:\Program Files\Android\Android Studio\jre\bin\server;C:\Users\\.gradle\native\e1d6ef7f7dcc3fd88c89a11ec53ec762bb8ba0a96d01ffa2cd45eb1d1d8dd5c5\windows-amd64;C:\Users\\.gradle\native\5664cfc778a61ccfe75a443a1ab52a65af34e5dc3c78e0209fed803814484fcb\windows-amd64

VM Arguments:
jvm_args: --add-opens=java.base/java.util=ALL-UNNAMED --add-opens=java.base/java.lang=ALL-UNNAMED --add-opens=java.base/java.lang.invoke=ALL-UNNAMED --add-opens=java.base/java.util=ALL-UNNAMED --add-opens=java.prefs/java.util.prefs=ALL-UNNAMED --add-opens=java.prefs/java.util.prefs=ALL-UNNAMED --add-opens=java.base/java.nio.charset=ALL-UNNAMED --add-opens=java.base/java.net=ALL-UNNAMED --add-opens=java.base/java.util.concurrent.atomic=ALL-UNNAMED -Xmx2048m -Dfile.encoding=UTF-8 -Duser.country=RU -Duser.language=ru -Duser.variant 
java_command: org.gradle.launcher.daemon.bootstrap.GradleDaemon 7.2
java_class_path (initial): C:\Users\\.gradle\wrapper\dists\gradle-7.2-bin\2dnblmf4td7x66yl1d74lt32g\gradle-7.2\lib\gradle-launcher-7.2.jar
Launcher Type: SUN_STANDARD

[Global flags]
     intx CICompilerCount                          = 3                                         {product} {ergonomic}
     uint ConcGCThreads                            = 1                                         {product} {ergonomic}
     uint G1ConcRefinementThreads                  = 4                                         {product} {ergonomic}
   size_t G1HeapRegionSize                         = 1048576                                   {product} {ergonomic}
    uintx GCDrainStackTargetSize                   = 64                                        {product} {ergonomic}
   size_t InitialHeapSize                          = 134217728                                 {product} {ergonomic}
   size_t MarkStackSize                            = 4194304                                   {product} {ergonomic}
   size_t MaxHeapSize                              = 2147483648                                {product} {command line}
   size_t MaxNewSize                               = 1287651328                                {product} {ergonomic}
   size_t MinHeapDeltaBytes                        = 1048576                                   {product} {ergonomic}
    uintx NonNMethodCodeHeapSize                   = 5830732                                {pd product} {ergonomic}
    uintx NonProfiledCodeHeapSize                  = 122913754                              {pd product} {ergonomic}
    uintx ProfiledCodeHeapSize                     = 122913754                              {pd product} {ergonomic}
    uintx ReservedCodeCacheSize                    = 251658240                              {pd product} {ergonomic}
     bool SegmentedCodeCache                       = true                                      {product} {ergonomic}
     bool UseCompressedClassPointers               = true                                 {lp64_product} {ergonomic}
     bool UseCompressedOops                        = true                                 {lp64_product} {ergonomic}
     bool UseG1GC                                  = true                                      {product} {ergonomic}
     bool UseLargePagesIndividualAllocation        = false                                  {pd product} {ergonomic}

Logging:
Log output configuration:
 #0: stdout all=warning uptime,level,tags
 #1: stderr all=off uptime,level,tags

Environment Variables:
PATH=C:\Program Files (x86)\Common Files\Oracle\Java\javapath;C:\Windows\system32;C:\Windows;C:\Windows\System32\Wbem;C:\Windows\System32\WindowsPowerShell\v1.0\;C:\Users\\.dnx\bin;C:\Program Files\Microsoft DNX\Dnvm\;C:\Program Files\Microsoft SQL Server\120\Tools\Binn\;C:\Program Files (x86)\NVIDIA Corporation\PhysX\Common;C:\WINDOWS\system32;C:\WINDOWS;C:\WINDOWS\System32\Wbem;C:\WINDOWS\System32\WindowsPowerShell\v1.0\;C:\WINDOWS\System32\OpenSSH\;C:\Program Files\dotnet\;C:\Program Files\Microsoft SQL Server\130\Tools\Binn\;C:\Users\\.dnx\bin;C:\Program Files\Microsoft DNX\Dnvm\;C:\Program Files\NVIDIA Corporation\NVIDIA NvDLISR;C:\Program Files (x86)\Microsoft SQL Server\150\DTS\Binn\;C:\Program Files\Microsoft SQL Server\Client SDK\ODBC\170\Tools\Binn\;C:\Program Files (x86)\Microsoft SQL Server\150\Tools\Binn\;C:\Program Files\Microsoft SQL Server\150\Tools\Binn\;C:\Program Files\Microsoft SQL Server\150\DTS\Binn\;C:\Program Files\Docker\Docker\resources\bin;C:\ProgramData\DockerDesktop\version-bin;C:\Program Files (x86)\Common Files\Acronis\SnapAPI\;C:\Program Files\Git\cmd;C:\Users\\AppData\Local\Microsoft\WindowsApps;C:\Users\\AppData\Local\GitHubDesktop\bin
USERNAME=
OS=Windows_NT
PROCESSOR_IDENTIFIER=Intel64 Family 6 Model 142 Stepping 9, GenuineIntel



---------------  S Y S T E M  ---------------

OS: Windows 10 , 64 bit Build 17134 (10.0.17134.1425)
OS uptime: 2 days 19:18 hours

CPU:total 4 (initial active 4) (2 cores per cpu, 2 threads per core) family 6 model 142 stepping 9 microcode 0xde, cmov, cx8, fxsr, mmx, sse, sse2, sse3, ssse3, sse4.1, sse4.2, popcnt, avx, avx2, aes, clmul, erms, 3dnowpref, lzcnt, ht, tsc, tscinvbit, bmi1, bmi2, adx, fma

Memory: 4k page, system-wide physical 8067M (913M free)
TotalPageFile size 21554M (AvailPageFile size 5M)
current process WorkingSet (physical memory assigned to process): 130M, peak: 130M
current process commit charge ("private bytes"): 254M, peak: 254M

vm_info: OpenJDK 64-Bit Server VM (11.0.11+9-b60-7590822) for windows-amd64 JRE (11.0.11+9-b60-7590822), built on Jul 29 2021 21:43:44 by "builder" with MS VC++ 14.0 (VS2015)

END.
